<?xml version="1.0" encoding="UTF-8"?>
<!-- Generated by org.testng.reporters.JUnitReportReporter -->
<testsuite hostname="LEENAs-MacBook-Pro.local" failures="0" tests="1" name="testcases.TC_02" time="0.002" errors="0" timestamp="2023-02-04T16:15:55 IST" skipped="0">
  <testcase classname="testcases.TC_02" name="ValidateWicketKeeperCount" time="0.002"/>
  <system-out/>
</testsuite> <!-- testcases.TC_02 -->
