<?xml version="1.0" encoding="UTF-8"?>
<!-- Generated by org.testng.reporters.JUnitReportReporter -->
<testsuite hostname="LEENAs-MacBook-Pro.local" failures="0" tests="1" name="testcases.TC_01_Test" time="0.010" errors="0" timestamp="2023-02-05T07:35:08 IST" skipped="0">
  <testcase classname="testcases.TC_01_Test" name="TC_01_Verify_No_of_players" time="0.010"/>
  <system-out/>
</testsuite> <!-- testcases.TC_01_Test -->
