<?xml version="1.0" encoding="UTF-8"?>
<!-- Generated by org.testng.reporters.JUnitReportReporter -->
<testsuite hostname="LEENAs-MacBook-Pro.local" failures="0" tests="1" name="testcases.TC_02_Test" time="0.001" errors="0" timestamp="2023-02-05T07:35:08 IST" skipped="0">
  <testcase classname="testcases.TC_02_Test" name="ValidateWicketKeeperCount" time="0.001"/>
  <system-out/>
</testsuite> <!-- testcases.TC_02_Test -->
